<?xml version="1.0" encoding="UTF-8"?>
<!-- Generated by org.testng.reporters.JUnitXMLReporter -->
<testsuite hostname="WS-HP-5CG6326SJ6" ignored="0" name="Test" tests="5" failures="0" timestamp="09 Jun 2021 18:51:22 GMT" time="6.087" errors="0">
  <testcase name="TC1_post_request" time="3.559" classname="org.testing.TestSteps.TC1_post_request"/>
  <testcase name="TC2_get_request" time="0.151" classname="org.testing.TestSteps.TC2_get_request"/>
  <testcase name="TC3_getall_request" time="0.106" classname="org.testing.TestSteps.TC3_getall_request"/>
  <testcase name="TC4_put_request" time="0.132" classname="org.testing.TestSteps.TC4_put_request"/>
  <testcase name="TC5_delete_request" time="2.05" classname="org.testing.TestSteps.TC5_delete_request"/>
</testsuite> <!-- Test -->
